[2024-12-11 13:09:44] [[32minfo[39m] [ADs SERVICE]: [Successfully Remove Ad]

[2024-12-11 13:10:08] [[32minfo[39m] [ADs SERVICE]: [Successfully Remove Ad]

[2024-12-11 14:42:22] [[32minfo[39m] [PARSE DATA SERVICE]: [Starting parse data...]

[2024-12-11 14:42:23] [[32minfo[39m] [PARSE DATA SERVICE]: [Starting parse data...]

[2024-12-11 14:42:24] [[32minfo[39m] [PARSE DATA SERVICE]: [Starting parse data...]

[2024-12-11 14:42:24] [[32minfo[39m] [PARSE DATA SERVICE]: [Starting parse data...]

[2024-12-11 14:42:25] [[32minfo[39m] [PARSE DATA SERVICE]: [Successfully Normalized!]

[2024-12-11 14:42:25] [[32minfo[39m] [PARSE DATA SERVICE]: [Successfully Normalized!]

[2024-12-11 14:42:26] [[32minfo[39m] [PARSE DATA SERVICE]: [Successfully Normalized!]

[2024-12-11 14:42:26] [[32minfo[39m] [PARSE DATA SERVICE]: [Successfully Normalized!]

[2024-12-11 14:42:27] [[32minfo[39m] [USER SERVICE]: [Successfully Found User!]

[2024-12-11 14:42:27] [[32minfo[39m] [USER SERVICE]: [Successfully Found User!]

[2024-12-11 14:42:27] [[32minfo[39m] [USER SERVICE]: [Successfully Found User!]

[2024-12-11 14:42:28] [[32minfo[39m] [USER SERVICE]: [Successfully Found User!]

[2024-12-11 14:42:36] [[32minfo[39m] [PARSE DATA SERVICE]: [Successfully get media urls!]

[2024-12-11 14:42:39] [[32minfo[39m] [ADs SERVICE]: [Successfully Added New Ad]

[2024-12-11 14:42:39] [[32minfo[39m] [PARSE DATA SERVICE]: [Successfully Parse Data!]

[2024-12-11 14:42:40] [[32minfo[39m] [PARSE DATA SERVICE]: [Successfully get media urls!]

[2024-12-11 14:42:42] [[32minfo[39m] [PARSE DATA SERVICE]: [Successfully get media urls!]

[2024-12-11 14:42:44] [[32minfo[39m] [PARSE DATA SERVICE]: [Successfully get media urls!]

[2024-12-11 14:42:44] [[32minfo[39m] [ADs SERVICE]: [Successfully Added New Ad]

[2024-12-11 14:42:44] [[32minfo[39m] [PARSE DATA SERVICE]: [Successfully Parse Data!]

[2024-12-11 14:42:46] [[32minfo[39m] [ADs SERVICE]: [Successfully Added New Ad]

[2024-12-11 14:42:46] [[32minfo[39m] [PARSE DATA SERVICE]: [Successfully Parse Data!]

[2024-12-11 14:42:47] [[32minfo[39m] [ADs SERVICE]: [Successfully Added New Ad]

[2024-12-11 14:42:47] [[32minfo[39m] [PARSE DATA SERVICE]: [Successfully Parse Data!]

[2024-12-11 14:44:44] [[32minfo[39m] [ADs SERVICE]: [Successfully Remove Ad]

[2024-12-11 14:45:01] [[32minfo[39m] [ADs SERVICE]: [Successfully Remove Ad]

[2024-12-11 14:45:16] [[32minfo[39m] [ADs SERVICE]: [Successfully Remove Ad]

[2024-12-11 14:45:34] [[32minfo[39m] [ADs SERVICE]: [Successfully Remove Ad]

[2024-12-11 17:46:53] [[32minfo[39m] [PARSE DATA SERVICE]: [Starting parse data...]

[2024-12-11 17:46:55] [[32minfo[39m] [PARSE DATA SERVICE]: [Successfully Normalized!]

[2024-12-11 17:46:56] [[32minfo[39m] [USER SERVICE]: [Successfully Found User!]

[2024-12-11 17:48:50] [[32minfo[39m] [PARSE DATA SERVICE]: [Starting parse data...]

[2024-12-11 17:49:35] [[32minfo[39m] [PARSE DATA SERVICE]: [Starting parse data...]

[2024-12-11 17:49:37] [[32minfo[39m] [PARSE DATA SERVICE]: [Starting parse data...]

[2024-12-11 17:49:40] [[32minfo[39m] [PARSE DATA SERVICE]: [Successfully Normalized!]

[2024-12-11 17:49:41] [[32minfo[39m] [USER SERVICE]: [Successfully Found User!]

[2024-12-11 17:49:52] [[32minfo[39m] [PARSE DATA SERVICE]: [Successfully get media urls!]

[2024-12-11 17:49:55] [[32minfo[39m] [ADs SERVICE]: [Successfully Added New Ad]

[2024-12-11 17:49:55] [[32minfo[39m] [PARSE DATA SERVICE]: [Successfully Parse Data!]

[2024-12-11 17:52:22] [[32minfo[39m] [PARSE DATA SERVICE]: [Starting parse data...]

[2024-12-11 17:52:24] [[32minfo[39m] [PARSE DATA SERVICE]: [Successfully Normalized!]

[2024-12-11 17:52:25] [[32minfo[39m] [USER SERVICE]: [Successfully Found User!]

[2024-12-11 17:52:31] [[32minfo[39m] [PARSE DATA SERVICE]: [Successfully get media urls!]

[2024-12-11 17:52:33] [[32minfo[39m] [ADs SERVICE]: [Successfully Added New Ad]

[2024-12-11 17:52:33] [[32minfo[39m] [PARSE DATA SERVICE]: [Successfully Parse Data!]

[2024-12-11 19:52:18] [[32minfo[39m] [ADs SERVICE]: [Successfully Remove Ad]

[2024-12-11 19:52:38] [[32minfo[39m] [ADs SERVICE]: [Successfully Remove Ad]

[2024-12-11 19:53:31] [[32minfo[39m] [PARSE DATA SERVICE]: [Starting parse data...]

[2024-12-11 19:53:32] [[32minfo[39m] [PARSE DATA SERVICE]: [Successfully Normalized!]

[2024-12-11 19:53:33] [[32minfo[39m] [USER SERVICE]: [Successfully Found User!]

[2024-12-11 19:55:04] [[32minfo[39m] [PARSE DATA SERVICE]: [Starting parse data...]

[2024-12-11 19:55:05] [[32minfo[39m] [PARSE DATA SERVICE]: [Starting parse data...]

[2024-12-11 19:55:05] [[32minfo[39m] [PARSE DATA SERVICE]: [Starting parse data...]

[2024-12-11 19:55:06] [[32minfo[39m] [PARSE DATA SERVICE]: [Successfully Normalized!]

[2024-12-11 19:55:06] [[32minfo[39m] [PARSE DATA SERVICE]: [Successfully Normalized!]

[2024-12-11 19:55:07] [[32minfo[39m] [USER SERVICE]: [Successfully Found User!]

[2024-12-11 19:55:07] [[32minfo[39m] [PARSE DATA SERVICE]: [Starting parse data...]

[2024-12-11 19:55:07] [[32minfo[39m] [USER SERVICE]: [Successfully Found User!]

[2024-12-11 19:55:09] [[32minfo[39m] [PARSE DATA SERVICE]: [Successfully Normalized!]

[2024-12-11 19:55:09] [[32minfo[39m] [USER SERVICE]: [Successfully Found User!]

[2024-12-11 19:55:09] [[32minfo[39m] [PARSE DATA SERVICE]: [Successfully Normalized!]

[2024-12-11 19:55:09] [[32minfo[39m] [USER SERVICE]: [Successfully Found User!]

[2024-12-11 19:55:11] [[32minfo[39m] [PARSE DATA SERVICE]: [Successfully get media urls!]

[2024-12-11 19:55:12] [[32minfo[39m] [PARSE DATA SERVICE]: [Successfully get media urls!]

[2024-12-11 19:55:13] [[32minfo[39m] [ADs SERVICE]: [Successfully Added New Ad]

[2024-12-11 19:55:13] [[32minfo[39m] [PARSE DATA SERVICE]: [Successfully Parse Data!]

[2024-12-11 19:55:13] [[32minfo[39m] [ADs SERVICE]: [Successfully Added New Ad]

[2024-12-11 19:55:13] [[32minfo[39m] [PARSE DATA SERVICE]: [Successfully Parse Data!]

[2024-12-11 19:55:16] [[32minfo[39m] [PARSE DATA SERVICE]: [Successfully get media urls!]

[2024-12-11 19:55:16] [[32minfo[39m] [PARSE DATA SERVICE]: [Successfully get media urls!]

[2024-12-11 19:55:17] [[32minfo[39m] [ADs SERVICE]: [Successfully Added New Ad]

[2024-12-11 19:55:17] [[32minfo[39m] [PARSE DATA SERVICE]: [Successfully Parse Data!]

[2024-12-11 19:55:18] [[32minfo[39m] [ADs SERVICE]: [Successfully Added New Ad]

[2024-12-11 19:55:18] [[32minfo[39m] [PARSE DATA SERVICE]: [Successfully Parse Data!]

[2024-12-13 11:55:52] [[32minfo[39m] [ADs SERVICE]: [Successfully Remove Ad]

[2024-12-13 11:56:09] [[32minfo[39m] [ADs SERVICE]: [Successfully Remove Ad]

[2024-12-13 11:56:26] [[32minfo[39m] [ADs SERVICE]: [Successfully Remove Ad]

[2024-12-13 11:56:41] [[32minfo[39m] [ADs SERVICE]: [Successfully Remove Ad]

[2024-12-13 12:00:59] [[32minfo[39m] [PARSE DATA SERVICE]: [Starting parse data...]

[2024-12-13 12:01:01] [[32minfo[39m] [PARSE DATA SERVICE]: [Successfully Normalized!]

[2024-12-13 12:01:02] [[32minfo[39m] [USER SERVICE]: [Successfully Found User!]

[2024-12-13 12:01:07] [[32minfo[39m] [PARSE DATA SERVICE]: [Successfully get media url!]

[2024-12-13 12:01:07] [[32minfo[39m] [PARSE DATA SERVICE]: [Starting parse data...]

[2024-12-13 12:01:09] [[32minfo[39m] [ADs SERVICE]: [Successfully Added New Ad]

[2024-12-13 12:01:09] [[32minfo[39m] [PARSE DATA SERVICE]: [Successfully Parse Data!]

[2024-12-13 12:01:10] [[32minfo[39m] [PARSE DATA SERVICE]: [Successfully Normalized!]

[2024-12-13 12:01:11] [[32minfo[39m] [USER SERVICE]: [Successfully Found User!]

[2024-12-13 12:01:18] [[32minfo[39m] [PARSE DATA SERVICE]: [Successfully get media urls!]

[2024-12-13 12:01:19] [[32minfo[39m] [ADs SERVICE]: [Successfully Added New Ad]

[2024-12-13 12:01:19] [[32minfo[39m] [PARSE DATA SERVICE]: [Successfully Parse Data!]

[2024-12-13 12:03:14] [[32minfo[39m] [PARSE DATA SERVICE]: [Starting parse data...]

[2024-12-13 12:03:16] [[32minfo[39m] [PARSE DATA SERVICE]: [Successfully Normalized!]

[2024-12-13 12:03:16] [[32minfo[39m] [PARSE DATA SERVICE]: [Starting parse data...]

[2024-12-13 12:03:17] [[32minfo[39m] [USER SERVICE]: [Successfully Found User!]

[2024-12-13 12:03:17] [[32minfo[39m] [PARSE DATA SERVICE]: [Successfully Normalized!]

[2024-12-13 12:03:17] [[32minfo[39m] [USER SERVICE]: [Successfully Found User!]

[2024-12-13 12:03:23] [[32minfo[39m] [PARSE DATA SERVICE]: [Successfully get media url!]

[2024-12-13 12:03:24] [[32minfo[39m] [PARSE DATA SERVICE]: [Successfully get media urls!]

[2024-12-13 12:03:24] [[32minfo[39m] [ADs SERVICE]: [Successfully Added New Ad]

[2024-12-13 12:03:24] [[32minfo[39m] [PARSE DATA SERVICE]: [Successfully Parse Data!]

[2024-12-13 12:03:26] [[32minfo[39m] [ADs SERVICE]: [Successfully Added New Ad]

[2024-12-13 12:03:26] [[32minfo[39m] [PARSE DATA SERVICE]: [Successfully Parse Data!]

